<?xml version="1.0" encoding="windows-1251" ?>

<!DOCTYPE page [
<!ENTITY nbsp "&#160;">
<!ENTITY пробел "&#160;">
<!ENTITY shy "&#173;">
<!ENTITY перенос "&#173;">
]>

<?xml:stylesheet type="text/xsl" href="../common/layout.xsl" ?>

<Урок xmlns="x-schema:Schema.xml" название="Шаг, советы по сдаче тестов">
<заголовок уровень="1">Советы по тестам</заголовок>
<абзац>Внимательно прочитайте следующие советы, возможно, с их помощью Вы сможете успешно ответить на вопросы тестов этого урока. Помните, что если Вы не наберёте хотя бы 60 баллов в любом из тестов, Вы не сможете получить доступ к материалам следующих уроков.</абзац>
<абзац><b>Советы:</b></абзац>
<список>
	<абзац>Отмечайте верные варианты галочками и снимайте галочки с неверных вариантов. При подсчёте Вашей оценки учитываются все установленные и неустановленные галочки. Правильно установленные галочки увеличивают Вашу оценку, неверно установленные галочки её уменьшают.</абзац>
	<абзац>Внимательно читайте вопросы. Зачастую причиной ошибки является проигнорированное Вами условное наклонение, как то обороты «если… только…», «при условии, что…» и им подобные.</абзац>
	<абзац>Обращайте внимание на регистр, которым набраны ключевые слова. Помните, что даже если оператор «while» C++ идёт в начале предложения, то он по прежнему пишется со строчной буквы, и написание «While» будет ошибочным.</абзац>
	<абзац>Попробуйте проверить варианты ответов на практике. Возможно, Вы ошибаетесь в каких-либо своих убеждениях.</абзац>
	<абзац>Проработайте ещё раз материалы урока, возможно, Вы упустили что-то важное.</абзац>
	<абзац>Распечатайте наиболее сложные темы, так как при чтении с бумаги информация воспринимается на 25%–30% легче. Для этого воспользуйтесь кнопкой «<span style="text-decoration: underline;">П</span>ечать», которая находится внизу каждой страницы.</абзац>
	<абзац>Если Вам так и не удаётся набрать 60 баллов, попросите преподавателя помочь Вам и объяснить Ваши ошибки. И Вам, и преподавателю будет легче, если Вы предварительно распечатаете тест с отмеченными Вами вариантами ответов на принтере. Помните, что не набрав 60 баллов, Вы не сможете просмотреть следующий урок.</абзац>
</список>
</Урок>
